[ 0:00:01.56] Fetching today's games... 

> variance@1.3.0 fetch:today
> tsx scripts/fetch-todays-games.ts

🏀 Fetching today's games...
   Current time: 1/21/2026, 12:00:02 AM
   Season: 2024-25
🏀 Fetching games for 2026-01-21 (US Eastern)...
❌ Error fetching games by date: timeout of 10000ms exceeded
❌ Error: <ref *1> AxiosError: timeout of 10000ms exceeded
    at RedirectableRequest.handleRequestTimeout (file:///C:/Users/migg_/source/repos/Variance/node_modules/axios/lib/adapters/http.js:854:15)
    at RedirectableRequest.emit (node:events:519:28)
    at Timeout._onTimeout (C:\Users\migg_\source\repos\Variance\node_modules\follow-redirects\index.js:221:12)
    at listOnTimeout (node:internal/timers:581:17)
    at process.processTimers (node:internal/timers:519:7)
    at Axios.request (file:///C:/Users/migg_/source/repos/Variance/node_modules/axios/lib/core/Axios.js:45:41)
    at process.processTicksAndRejections (node:internal/process/task_queues:95:5)
    at async fetchGamesByDate (file:///C:/Users/migg_/source/repos/Variance/lib/data/nba-games-fetcher.js:172:22)
    at async main (C:\Users\migg_\source\repos\Variance\scripts\fetch-todays-games.ts:36:19) {
  code: 'ECONNABORTED',
  config: {
    transitional: {
      silentJSONParsing: true,
      forcedJSONParsing: true,
      clarifyTimeoutError: false
    },
    adapter: [ 'xhr', 'http', 'fetch' ],
    transformRequest: [ [Function: transformRequest] ],
    transformResponse: [ [Function: transformResponse] ],
    timeout: 10000,
    xsrfCookieName: 'XSRF-TOKEN',
    xsrfHeaderName: 'X-XSRF-TOKEN',
    maxContentLength: -1,
    maxBodyLength: -1,
    env: { FormData: [Function], Blob: [class Blob] },
    validateStatus: [Function: validateStatus],
    headers: Object [AxiosHeaders] {
      Accept: 'application/json',
      'Content-Type': undefined,
      'User-Agent': 'Mozilla/5.0 (Windows NT 10.0; Win64; x64) AppleWebKit/537.36',
      'Accept-Language': 'en-US,en;q=0.9',
      Referer: 'https://www.nba.com/',
      Origin: 'https://www.nba.com',
      'Accept-Encoding': 'gzip, compress, deflate, br'
    },
    params: { GameDate: '2026-01-21', LeagueID: '00', DayOffset: 0 },
    method: 'get',
    url: 'https://stats.nba.com/stats/scoreboardV2',
    allowAbsoluteUrls: true,
    data: undefined
  },
  request: <ref *2> Writable {
    _events: {
      close: undefined,
      error: [Function: handleRequestError],
      prefinish: undefined,
      finish: undefined,
      drain: undefined,
      response: [Function: handleResponse],
      socket: [Array],
      timeout: undefined,
      abort: undefined
    },
    _writableState: WritableState {
      highWaterMark: 16384,
      length: 0,
      corked: 0,
      onwrite: [Function: bound onwrite],
      writelen: 0,
      bufferedIndex: 0,
      pendingcb: 0,
      [Symbol(kState)]: 17581054,
      [Symbol(kBufferedValue)]: null,
      [Symbol(kErroredValue)]: [Circular *1]
    },
    _maxListeners: undefined,
    _options: {
      maxRedirects: 21,
      maxBodyLength: Infinity,
      protocol: 'https:',
      path: '/stats/scoreboardV2?GameDate=2026-01-21&LeagueID=00&DayOffset=0',
      method: 'GET',
      headers: [Object: null prototype],
      agents: [Object],
      auth: undefined,
      family: undefined,
      beforeRedirect: [Function: dispatchBeforeRedirect],
      beforeRedirects: [Object],
      http2Options: undefined,
      hostname: 'stats.nba.com',
      port: '',
      agent: undefined,
      nativeProtocols: [Object],
      pathname: '/stats/scoreboardV2',
      search: '?GameDate=2026-01-21&LeagueID=00&DayOffset=0'
    },
    _ended: true,
    _ending: true,
    _redirectCount: 0,
    _redirects: [],
    _requestBodyLength: 0,
    _requestBodyBuffers: [],
    _eventsCount: 3,
    _onNativeResponse: [Function (anonymous)],
    _currentRequest: ClientRequest {
      _events: [Object: null prototype],
      _eventsCount: 2,
      _maxListeners: undefined,
      outputData: [],
      outputSize: 0,
      writable: true,
      destroyed: true,
      _last: true,
      chunkedEncoding: false,
      shouldKeepAlive: true,
      maxRequestsOnConnectionReached: false,
      _defaultKeepAlive: true,
      useChunkedEncodingByDefault: false,
      sendDate: false,
      _removedConnection: false,
      _removedContLen: false,
      _removedTE: false,
      strictContentLength: false,
      _contentLength: 0,
      _hasBody: true,
      _trailer: '',
      finished: true,
      _headerSent: true,
      _closed: false,
      socket: [TLSSocket],
      _header: 'GET /stats/scoreboardV2?GameDate=2026-01-21&LeagueID=00&DayOffset=0 HTTP/1.1\r\n' +
        'Accept: application/json\r\n' +
        'User-Agent: Mozilla/5.0 (Windows NT 10.0; Win64; x64) AppleWebKit/537.36\r\n' +
        'Accept-Language: en-US,en;q=0.9\r\n' +
        'Referer: https://www.nba.com/\r\n' +
        'Origin: https://www.nba.com\r\n' +
        'Accept-Encoding: gzip, compress, deflate, br\r\n' +
        'Host: stats.nba.com\r\n' +
        'Connection: keep-alive\r\n' +
        '\r\n',
      _keepAliveTimeout: 0,
      _onPendingData: [Function: nop],
      agent: [Agent],
      socketPath: undefined,
      method: 'GET',
      maxHeaderSize: undefined,
      insecureHTTPParser: undefined,
      joinDuplicateHeaders: undefined,
      path: '/stats/scoreboardV2?GameDate=2026-01-21&LeagueID=00&DayOffset=0',
      _ended: false,
      res: null,
      aborted: false,
      timeoutCb: [Function: emitRequestTimeout],
      upgradeOrConnect: false,
      parser: null,
      maxHeadersCount: null,
      reusedSocket: false,
      host: 'stats.nba.com',
      protocol: 'https:',
      _redirectable: [Circular *2],
      [Symbol(shapeMode)]: false,
      [Symbol(kCapture)]: false,
      [Symbol(kBytesWritten)]: 0,
      [Symbol(kNeedDrain)]: false,
      [Symbol(corked)]: 0,
      [Symbol(kOutHeaders)]: [Object: null prototype],
      [Symbol(errored)]: null,
      [Symbol(kHighWaterMark)]: 16384,
      [Symbol(kRejectNonStandardBodyWrites)]: false,
      [Symbol(kUniqueHeaders)]: null,
      [Symbol(kError)]: [Circular *1]
    },
    _currentUrl: 'https://stats.nba.com/stats/scoreboardV2?GameDate=2026-01-21&LeagueID=00&DayOffset=0',
    _timeout: null,
    [Symbol(shapeMode)]: true,
    [Symbol(kCapture)]: false
  }
}
[ 0:00:12.47] ERROR: Today's games fetch failed! 
[12:00:01.84] Fetching today's games... 

> variance@1.3.0 fetch:today
> tsx scripts/fetch-todays-games.ts

🏀 Fetching today's games...
   Current time: 1/21/2026, 12:00:02 PM
   Season: 2024-25
🏀 Fetching games for 2026-01-21 (US Eastern)...
❌ Error fetching games by date: timeout of 10000ms exceeded
❌ Error: <ref *1> AxiosError: timeout of 10000ms exceeded
    at RedirectableRequest.handleRequestTimeout (file:///C:/Users/migg_/source/repos/Variance/node_modules/axios/lib/adapters/http.js:854:15)
    at RedirectableRequest.emit (node:events:519:28)
    at Timeout._onTimeout (C:\Users\migg_\source\repos\Variance\node_modules\follow-redirects\index.js:221:12)
    at listOnTimeout (node:internal/timers:581:17)
    at process.processTimers (node:internal/timers:519:7)
    at Axios.request (file:///C:/Users/migg_/source/repos/Variance/node_modules/axios/lib/core/Axios.js:45:41)
    at process.processTicksAndRejections (node:internal/process/task_queues:95:5)
    at async fetchGamesByDate (file:///C:/Users/migg_/source/repos/Variance/lib/data/nba-games-fetcher.js:172:22)
    at async main (C:\Users\migg_\source\repos\Variance\scripts\fetch-todays-games.ts:36:19) {
  code: 'ECONNABORTED',
  config: {
    transitional: {
      silentJSONParsing: true,
      forcedJSONParsing: true,
      clarifyTimeoutError: false
    },
    adapter: [ 'xhr', 'http', 'fetch' ],
    transformRequest: [ [Function: transformRequest] ],
    transformResponse: [ [Function: transformResponse] ],
    timeout: 10000,
    xsrfCookieName: 'XSRF-TOKEN',
    xsrfHeaderName: 'X-XSRF-TOKEN',
    maxContentLength: -1,
    maxBodyLength: -1,
    env: { FormData: [Function], Blob: [class Blob] },
    validateStatus: [Function: validateStatus],
    headers: Object [AxiosHeaders] {
      Accept: 'application/json',
      'Content-Type': undefined,
      'User-Agent': 'Mozilla/5.0 (Windows NT 10.0; Win64; x64) AppleWebKit/537.36',
      'Accept-Language': 'en-US,en;q=0.9',
      Referer: 'https://www.nba.com/',
      Origin: 'https://www.nba.com',
      'Accept-Encoding': 'gzip, compress, deflate, br'
    },
    params: { GameDate: '2026-01-21', LeagueID: '00', DayOffset: 0 },
    method: 'get',
    url: 'https://stats.nba.com/stats/scoreboardV2',
    allowAbsoluteUrls: true,
    data: undefined
  },
  request: <ref *2> Writable {
    _events: {
      close: undefined,
      error: [Function: handleRequestError],
      prefinish: undefined,
      finish: undefined,
      drain: undefined,
      response: [Function: handleResponse],
      socket: [Array],
      timeout: undefined,
      abort: undefined
    },
    _writableState: WritableState {
      highWaterMark: 16384,
      length: 0,
      corked: 0,
      onwrite: [Function: bound onwrite],
      writelen: 0,
      bufferedIndex: 0,
      pendingcb: 0,
      [Symbol(kState)]: 17581054,
      [Symbol(kBufferedValue)]: null,
      [Symbol(kErroredValue)]: [Circular *1]
    },
    _maxListeners: undefined,
    _options: {
      maxRedirects: 21,
      maxBodyLength: Infinity,
      protocol: 'https:',
      path: '/stats/scoreboardV2?GameDate=2026-01-21&LeagueID=00&DayOffset=0',
      method: 'GET',
      headers: [Object: null prototype],
      agents: [Object],
      auth: undefined,
      family: undefined,
      beforeRedirect: [Function: dispatchBeforeRedirect],
      beforeRedirects: [Object],
      http2Options: undefined,
      hostname: 'stats.nba.com',
      port: '',
      agent: undefined,
      nativeProtocols: [Object],
      pathname: '/stats/scoreboardV2',
      search: '?GameDate=2026-01-21&LeagueID=00&DayOffset=0'
    },
    _ended: true,
    _ending: true,
    _redirectCount: 0,
    _redirects: [],
    _requestBodyLength: 0,
    _requestBodyBuffers: [],
    _eventsCount: 3,
    _onNativeResponse: [Function (anonymous)],
    _currentRequest: ClientRequest {
      _events: [Object: null prototype],
      _eventsCount: 2,
      _maxListeners: undefined,
      outputData: [],
      outputSize: 0,
      writable: true,
      destroyed: true,
      _last: true,
      chunkedEncoding: false,
      shouldKeepAlive: true,
      maxRequestsOnConnectionReached: false,
      _defaultKeepAlive: true,
      useChunkedEncodingByDefault: false,
      sendDate: false,
      _removedConnection: false,
      _removedContLen: false,
      _removedTE: false,
      strictContentLength: false,
      _contentLength: 0,
      _hasBody: true,
      _trailer: '',
      finished: true,
      _headerSent: true,
      _closed: false,
      socket: [TLSSocket],
      _header: 'GET /stats/scoreboardV2?GameDate=2026-01-21&LeagueID=00&DayOffset=0 HTTP/1.1\r\n' +
        'Accept: application/json\r\n' +
        'User-Agent: Mozilla/5.0 (Windows NT 10.0; Win64; x64) AppleWebKit/537.36\r\n' +
        'Accept-Language: en-US,en;q=0.9\r\n' +
        'Referer: https://www.nba.com/\r\n' +
        'Origin: https://www.nba.com\r\n' +
        'Accept-Encoding: gzip, compress, deflate, br\r\n' +
        'Host: stats.nba.com\r\n' +
        'Connection: keep-alive\r\n' +
        '\r\n',
      _keepAliveTimeout: 0,
      _onPendingData: [Function: nop],
      agent: [Agent],
      socketPath: undefined,
      method: 'GET',
      maxHeaderSize: undefined,
      insecureHTTPParser: undefined,
      joinDuplicateHeaders: undefined,
      path: '/stats/scoreboardV2?GameDate=2026-01-21&LeagueID=00&DayOffset=0',
      _ended: false,
      res: null,
      aborted: false,
      timeoutCb: [Function: emitRequestTimeout],
      upgradeOrConnect: false,
      parser: null,
      maxHeadersCount: null,
      reusedSocket: false,
      host: 'stats.nba.com',
      protocol: 'https:',
      _redirectable: [Circular *2],
      [Symbol(shapeMode)]: false,
      [Symbol(kCapture)]: false,
      [Symbol(kBytesWritten)]: 0,
      [Symbol(kNeedDrain)]: false,
      [Symbol(corked)]: 0,
      [Symbol(kOutHeaders)]: [Object: null prototype],
      [Symbol(errored)]: null,
      [Symbol(kHighWaterMark)]: 16384,
      [Symbol(kRejectNonStandardBodyWrites)]: false,
      [Symbol(kUniqueHeaders)]: null,
      [Symbol(kError)]: [Circular *1]
    },
    _currentUrl: 'https://stats.nba.com/stats/scoreboardV2?GameDate=2026-01-21&LeagueID=00&DayOffset=0',
    _timeout: null,
    [Symbol(shapeMode)]: true,
    [Symbol(kCapture)]: false
  }
}
[12:00:12.81] ERROR: Today's games fetch failed! 
[14:00:02.37] Fetching today's games... 

> variance@1.3.0 fetch:today
> tsx scripts/fetch-todays-games.ts

🏀 Fetching today's games...
   Current time: 1/21/2026, 2:00:03 PM
   Season: 2024-25
🏀 Fetching games for 2026-01-21 (US Eastern)...
✅ Fetched 7 games for 2026-01-21
✅ Found 7 games for today
💾 Updating 7 games in database...

   ✓ CLE @ CHA: TBD (7:00 pm ET)
   ✓ IND @ BOS: TBD (7:30 pm ET)
   ✓ BKN @ NYK: TBD (7:30 pm ET)
   ✓ ATL @ MEM: TBD (8:00 pm ET)
   ✓ DET @ NOP: TBD (8:00 pm ET)
   ✓ OKC @ MIL: TBD (9:30 pm ET)
   ✓ TOR @ SAC: TBD (10:00 pm ET)

🎉 Updated 7 games in 3778ms
[14:00:07.03] Today's games updated successfully 
[16:00:02.36] Fetching today's games... 

> variance@1.3.0 fetch:today
> tsx scripts/fetch-todays-games.ts

🏀 Fetching today's games...
   Current time: 1/21/2026, 4:00:03 PM
   Season: 2024-25
🏀 Fetching games for 2026-01-21 (US Eastern)...
✅ Fetched 7 games for 2026-01-21
✅ Found 7 games for today
💾 Updating 7 games in database...

   ✓ CLE @ CHA: TBD (7:00 pm ET)
   ✓ IND @ BOS: TBD (7:30 pm ET)
   ✓ BKN @ NYK: TBD (7:30 pm ET)
   ✓ ATL @ MEM: TBD (8:00 pm ET)
   ✓ DET @ NOP: TBD (8:00 pm ET)
   ✓ OKC @ MIL: TBD (9:30 pm ET)
   ✓ TOR @ SAC: TBD (10:00 pm ET)

🎉 Updated 7 games in 3745ms
[16:00:06.98] Today's games updated successfully 
[18:00:02.36] Fetching today's games... 

> variance@1.3.0 fetch:today
> tsx scripts/fetch-todays-games.ts

🏀 Fetching today's games...
   Current time: 1/21/2026, 6:00:03 PM
   Season: 2024-25
🏀 Fetching games for 2026-01-21 (US Eastern)...
✅ Fetched 7 games for 2026-01-21
✅ Found 7 games for today
💾 Updating 7 games in database...

   ✓ CLE @ CHA: TBD (1st Qtr)
   ✓ IND @ BOS: TBD (7:30 pm ET)
   ✓ BKN @ NYK: TBD (7:30 pm ET)
   ✓ ATL @ MEM: TBD (8:00 pm ET)
   ✓ DET @ NOP: TBD (8:00 pm ET)
   ✓ OKC @ MIL: TBD (9:30 pm ET)
   ✓ TOR @ SAC: TBD (10:00 pm ET)

🎉 Updated 7 games in 13281ms
[18:00:16.50] Today's games updated successfully 
